This is XeTeX, Version 3.14159265-2.6-0.99999 (TeX Live 2018/Arch Linux) (preloaded format=xelatex 2019.1.28)  29 JAN 2019 15:55
entering extended mode
 restricted \write18 enabled.
 %&-line parsing enabled.
**personal_statement.tex
(./personal_statement.tex
LaTeX2e <2018-04-01> patch level 5
(/usr/share/texmf-dist/tex/latex/koma-script/scrlttr2.cls
Document Class: scrlttr2 2018/03/30 v3.25 KOMA-Script document class (letter)
(/usr/share/texmf-dist/tex/latex/koma-script/scrkbase.sty
Package: scrkbase 2018/03/30 v3.25 KOMA-Script package (KOMA-Script-dependent b
asics and keyval usage)

(/usr/share/texmf-dist/tex/latex/koma-script/scrbase.sty
Package: scrbase 2018/03/30 v3.25 KOMA-Script package (KOMA-Script-independent 
basics and keyval usage)

(/usr/share/texmf-dist/tex/latex/graphics/keyval.sty
Package: keyval 2014/10/28 v1.15 key=value parser (DPC)
\KV@toks@=\toks14
)
(/usr/share/texmf-dist/tex/latex/koma-script/scrlfile.sty
Package: scrlfile 2018/03/30 v3.25 KOMA-Script package (loading files)
)))
Class scrlttr2 Info: File `scrsize12pt.clo' used instead of
(scrlttr2)           file `scrsize12.clo' to setup font sizes on input line 183
5.

(/usr/share/texmf-dist/tex/latex/koma-script/scrsize12pt.clo
File: scrsize12pt.clo 2018/03/30 v3.25 KOMA-Script font size class option (12pt
)
)
(/usr/share/texmf-dist/tex/latex/koma-script/typearea.sty
Package: typearea 2018/03/30 v3.25 KOMA-Script package (type area)
\ta@bcor=\skip41
\ta@div=\count80
\ta@hblk=\skip42
\ta@vblk=\skip43
\ta@temp=\skip44
\footheight=\skip45
Package typearea Info: These are the values describing the layout:
(typearea)             DIV  = 12
(typearea)             BCOR = 0.0pt
(typearea)             \paperwidth      = 597.50793pt
(typearea)              \textwidth      = 448.13095pt
(typearea)              DIV departure   = -6%
(typearea)              \evensidemargin = 2.4185pt
(typearea)              \oddsidemargin  = 2.4185pt
(typearea)             \paperheight     = 845.04694pt
(typearea)              \textheight     = 635.5pt
(typearea)              \topmargin      = -41.72441pt
(typearea)              \headheight     = 18.125pt
(typearea)              \headsep        = 21.75pt
(typearea)              \topskip        = 12.0pt
(typearea)              \footskip       = 50.75pt
(typearea)              \baselineskip   = 14.5pt
(typearea)              on input line 1706.
)
\c@letter=\count81
)
Class scrlttr2 Info: Letter-Class-Option `DIN' loaded on input line 30.

(/usr/share/texmf-dist/tex/latex/koma-script/DIN.lco
File: DIN.lco 2018/03/30 v3.25 KOMA-Script letter-class-option
)
(/usr/share/texmf-dist/tex/latex/fontspec/fontspec.sty
(/usr/share/texmf-dist/tex/latex/l3packages/xparse/xparse.sty
(/usr/share/texmf-dist/tex/latex/l3kernel/expl3.sty
Package: expl3 2018-11-19 L3 programming layer (loader) 

(/usr/share/texmf-dist/tex/latex/l3kernel/expl3-code.tex
Package: expl3 2018-11-19 L3 programming layer (code)
\c_max_int=\count82
\l_tmpa_int=\count83
\l_tmpb_int=\count84
\g_tmpa_int=\count85
\g_tmpb_int=\count86
\g__kernel_prg_map_int=\count87
\c_log_iow=\count88
\l_iow_line_count_int=\count89
\l__iow_line_target_int=\count90
\l__iow_one_indent_int=\count91
\l__iow_indent_int=\count92
\c_zero_dim=\dimen102
\c_max_dim=\dimen103
\l_tmpa_dim=\dimen104
\l_tmpb_dim=\dimen105
\g_tmpa_dim=\dimen106
\g_tmpb_dim=\dimen107
\c_zero_skip=\skip46
\c_max_skip=\skip47
\l_tmpa_skip=\skip48
\l_tmpb_skip=\skip49
\g_tmpa_skip=\skip50
\g_tmpb_skip=\skip51
\c_zero_muskip=\muskip10
\c_max_muskip=\muskip11
\l_tmpa_muskip=\muskip12
\l_tmpb_muskip=\muskip13
\g_tmpa_muskip=\muskip14
\g_tmpb_muskip=\muskip15
\l_keys_choice_int=\count93
\l__intarray_loop_int=\count94
\c__intarray_sp_dim=\dimen108
\g__intarray_font_int=\count95
\c__fp_leading_shift_int=\count96
\c__fp_middle_shift_int=\count97
\c__fp_trailing_shift_int=\count98
\c__fp_big_leading_shift_int=\count99
\c__fp_big_middle_shift_int=\count100
\c__fp_big_trailing_shift_int=\count101
\c__fp_Bigg_leading_shift_int=\count102
\c__fp_Bigg_middle_shift_int=\count103
\c__fp_Bigg_trailing_shift_int=\count104
\g__fp_array_int=\count105
\l__fp_array_loop_int=\count106
\l__sort_length_int=\count107
\l__sort_min_int=\count108
\l__sort_top_int=\count109
\l__sort_max_int=\count110
\l__sort_true_max_int=\count111
\l__sort_block_int=\count112
\l__sort_begin_int=\count113
\l__sort_end_int=\count114
\l__sort_A_int=\count115
\l__sort_B_int=\count116
\l__sort_C_int=\count117
\l__tl_analysis_normal_int=\count118
\l__tl_analysis_index_int=\count119
\l__tl_analysis_nesting_int=\count120
\l__tl_analysis_type_int=\count121
\l__regex_internal_a_int=\count122
\l__regex_internal_b_int=\count123
\l__regex_internal_c_int=\count124
\l__regex_balance_int=\count125
\l__regex_group_level_int=\count126
\l__regex_mode_int=\count127
\c__regex_cs_in_class_mode_int=\count128
\c__regex_cs_mode_int=\count129
\l__regex_catcodes_int=\count130
\l__regex_default_catcodes_int=\count131
\c__regex_catcode_L_int=\count132
\c__regex_catcode_O_int=\count133
\c__regex_catcode_A_int=\count134
\c__regex_all_catcodes_int=\count135
\l__regex_show_lines_int=\count136
\l__regex_min_state_int=\count137
\l__regex_max_state_int=\count138
\l__regex_left_state_int=\count139
\l__regex_right_state_int=\count140
\l__regex_capturing_group_int=\count141
\l__regex_min_pos_int=\count142
\l__regex_max_pos_int=\count143
\l__regex_curr_pos_int=\count144
\l__regex_start_pos_int=\count145
\l__regex_success_pos_int=\count146
\l__regex_curr_char_int=\count147
\l__regex_curr_catcode_int=\count148
\l__regex_last_char_int=\count149
\l__regex_case_changed_char_int=\count150
\l__regex_curr_state_int=\count151
\l__regex_step_int=\count152
\l__regex_min_active_int=\count153
\l__regex_max_active_int=\count154
\l__regex_replacement_csnames_int=\count155
\l__regex_match_count_int=\count156
\l__regex_min_submatch_int=\count157
\l__regex_submatch_int=\count158
\l__regex_zeroth_submatch_int=\count159
\g__regex_trace_regex_int=\count160
\c_empty_box=\box26
\l_tmpa_box=\box27
\l_tmpb_box=\box28
\g_tmpa_box=\box29
\g_tmpb_box=\box30
\l__box_top_dim=\dimen109
\l__box_bottom_dim=\dimen110
\l__box_left_dim=\dimen111
\l__box_right_dim=\dimen112
\l__box_top_new_dim=\dimen113
\l__box_bottom_new_dim=\dimen114
\l__box_left_new_dim=\dimen115
\l__box_right_new_dim=\dimen116
\l__box_internal_box=\box31
\l__coffin_internal_box=\box32
\l__coffin_internal_dim=\dimen117
\l__coffin_offset_x_dim=\dimen118
\l__coffin_offset_y_dim=\dimen119
\l__coffin_x_dim=\dimen120
\l__coffin_y_dim=\dimen121
\l__coffin_x_prime_dim=\dimen122
\l__coffin_y_prime_dim=\dimen123
\c_empty_coffin=\box33
\l__coffin_aligned_coffin=\box34
\l__coffin_aligned_internal_coffin=\box35
\l_tmpa_coffin=\box36
\l_tmpb_coffin=\box37
\l__coffin_display_coffin=\box38
\l__coffin_display_coord_coffin=\box39
\l__coffin_display_pole_coffin=\box40
\l__coffin_display_offset_dim=\dimen124
\l__coffin_display_x_dim=\dimen125
\l__coffin_display_y_dim=\dimen126
\g__file_internal_ior=\read1
\l__coffin_bounding_shift_dim=\dimen127
\l__coffin_left_corner_dim=\dimen128
\l__coffin_right_corner_dim=\dimen129
\l__coffin_bottom_corner_dim=\dimen130
\l__coffin_top_corner_dim=\dimen131
\l__coffin_scaled_total_height_dim=\dimen132
\l__coffin_scaled_width_dim=\dimen133
)
(/usr/share/texmf-dist/tex/latex/l3kernel/l3xdvipdfmx.def
File: l3xdvidpfmx.def 2018-11-19 v L3 Experimental driver: xdvipdfmx
\g__driver_image_int=\count161
\g__driver_pdf_object_int=\count162
))
Package: xparse 2018-10-17 L3 Experimental document command parser
\l__xparse_current_arg_int=\count163
\g__xparse_grabber_int=\count164
\l__xparse_m_args_int=\count165
\l__xparse_mandatory_args_int=\count166
\l__xparse_v_nesting_int=\count167
)
Package: fontspec 2018/07/30 vv2.6h Font selection for XeLaTeX and LuaLaTeX

(/usr/share/texmf-dist/tex/latex/fontspec/fontspec-xetex.sty
Package: fontspec-xetex 2018/07/30 vv2.6h Font selection for XeLaTeX and LuaLaT
eX
\l__fontspec_script_int=\count168
\l__fontspec_language_int=\count169
\l__fontspec_strnum_int=\count170
\l__fontspec_tmp_int=\count171
\l__fontspec_em_int=\count172
\l__fontspec_emdef_int=\count173
\l__fontspec_strong_int=\count174
\l__fontspec_strongdef_int=\count175
\l__fontspec_tmpa_dim=\dimen134
\l__fontspec_tmpb_dim=\dimen135
\l__fontspec_tmpc_dim=\dimen136

(/usr/share/texmf-dist/tex/latex/base/fontenc.sty
Package: fontenc 2017/04/05 v2.0i Standard LaTeX package

(/usr/share/texmf-dist/tex/latex/base/tuenc.def
File: tuenc.def 2017/04/05 v2.0i Standard LaTeX file
LaTeX Font Info:    Redeclaring font encoding TU on input line 82.
))
(/usr/share/texmf-dist/tex/latex/fontspec/fontspec.cfg)
LaTeX Info: Redefining \itshape on input line 3910.
LaTeX Info: Redefining \slshape on input line 3915.
LaTeX Info: Redefining \scshape on input line 3920.
LaTeX Info: Redefining \upshape on input line 3925.
LaTeX Info: Redefining \em on input line 3955.
LaTeX Info: Redefining \emph on input line 3980.
LaTeX Info: Redefining \- on input line 4034.
))
(/usr/share/texmf-dist/tex/latex/marvosym/marvosym.sty
Package: marvosym 2011/07/20 v2.2 Martin Vogel's Symbols font definitions
)
(/usr/share/texmf-dist/tex/generic/babel/babel.sty
Package: babel 2018/11/13 3.27 The Babel package

(/usr/share/texmf-dist/tex/generic/babel/switch.def
File: switch.def 2018/11/13 3.27 Babel switching mechanism
)
(/usr/share/texmf-dist/tex/generic/babel-english/english.ldf
Language: english 2017/06/06 v3.3r English support from the babel system

(/usr/share/texmf-dist/tex/generic/babel/babel.def
File: babel.def 2018/11/13 3.27 Babel common definitions
\babel@savecnt=\count176
\U@D=\dimen137

(/usr/share/texmf-dist/tex/generic/babel/xebabel.def
(/usr/share/texmf-dist/tex/generic/babel/txtbabel.def))
\bbl@dirlevel=\count177
)
\l@canadian = a dialect from \language\l@american 
\l@australian = a dialect from \language\l@british 
\l@newzealand = a dialect from \language\l@british 
))

Class scrlttr2 Warning: Deprecated usage of \firsthead.
(scrlttr2)              You should use \setkomavar{firsthead}
(scrlttr2)              instead of \firsthead on input line 63.


Class scrlttr2 Warning: Deprecated usage of \firstfoot.
(scrlttr2)              You should use \setkomavar{firstfoot}
(scrlttr2)              instead of \firstfoot on input line 72.

No file personal_statement.aux.
\openout1 = `personal_statement.aux'.

LaTeX Font Info:    Checking defaults for OML/cmm/m/it on input line 85.
LaTeX Font Info:    ... okay on input line 85.
LaTeX Font Info:    Checking defaults for T1/cmr/m/n on input line 85.
LaTeX Font Info:    ... okay on input line 85.
LaTeX Font Info:    Checking defaults for OT1/cmr/m/n on input line 85.
LaTeX Font Info:    ... okay on input line 85.
LaTeX Font Info:    Checking defaults for OMS/cmsy/m/n on input line 85.
LaTeX Font Info:    ... okay on input line 85.
LaTeX Font Info:    Checking defaults for TU/lmr/m/n on input line 85.
LaTeX Font Info:    ... okay on input line 85.
LaTeX Font Info:    Checking defaults for OMX/cmex/m/n on input line 85.
LaTeX Font Info:    ... okay on input line 85.
LaTeX Font Info:    Checking defaults for U/cmr/m/n on input line 85.
LaTeX Font Info:    ... okay on input line 85.
Package scrbase Info: activating english \yourrefname on input line 85.
Package scrbase Info: activating english \yourmailname on input line 85.
Package scrbase Info: activating english \myrefname on input line 85.
Package scrbase Info: activating english \customername on input line 85.
Package scrbase Info: activating english \invoicename on input line 85.
Package scrbase Info: activating english \subjectname on input line 85.
Package scrbase Info: activating english \ccname on input line 85.
Package scrbase Info: activating english \enclname on input line 85.
Package scrbase Info: activating english \headtoname on input line 85.
Package scrbase Info: activating english \headfromname on input line 85.
Package scrbase Info: activating english \datename on input line 85.
Package scrbase Info: activating english \pagename on input line 85.
Package scrbase Info: activating english \phonename on input line 85.
Package scrbase Info: activating english \mobilephonename on input line 85.
Package scrbase Info: activating english \faxname on input line 85.
Package scrbase Info: activating english \emailname on input line 85.
Package scrbase Info: activating english \wwwname on input line 85.
Package scrbase Info: activating english \bankname on input line 85.
Class scrlttr2 Info: no date found for language `american'
(scrlttr2)           --> skipped on input line 85.
Class scrlttr2 Info: no date found for language `australien'
(scrlttr2)           --> skipped on input line 85.
Class scrlttr2 Info: no date found for language `british'
(scrlttr2)           --> skipped on input line 85.
Class scrlttr2 Info: no date found for language `canadian'
(scrlttr2)           --> skipped on input line 85.
Class scrlttr2 Info: no date found for language `newzealand'
(scrlttr2)           --> skipped on input line 85.
Class scrlttr2 Info: no date found for language `UKenglish'
(scrlttr2)           --> skipped on input line 85.
Class scrlttr2 Info: no date found for language `ukenglish'
(scrlttr2)           --> skipped on input line 85.
Class scrlttr2 Info: no date found for language `USenglish'
(scrlttr2)           --> skipped on input line 85.
Class scrlttr2 Info: no date found for language `usenglish'
(scrlttr2)           --> skipped on input line 85.
Class scrlttr2 Info: no date found for language `german'
(scrlttr2)           --> skipped on input line 85.
Class scrlttr2 Info: no date found for language `ngerman'
(scrlttr2)           --> skipped on input line 85.
Class scrlttr2 Info: no date found for language `austrian'
(scrlttr2)           --> skipped on input line 85.
Class scrlttr2 Info: no date found for language `naustrian'
(scrlttr2)           --> skipped on input line 85.
Class scrlttr2 Info: no date found for language `swissgerman'
(scrlttr2)           --> skipped on input line 85.
Class scrlttr2 Info: no date found for language `nswissgerman'
(scrlttr2)           --> skipped on input line 85.
Class scrlttr2 Info: no date found for language `acadian'
(scrlttr2)           --> skipped on input line 85.
Class scrlttr2 Info: no date found for language `canadien'
(scrlttr2)           --> skipped on input line 85.
Class scrlttr2 Info: no date found for language `francais'
(scrlttr2)           --> skipped on input line 85.
Class scrlttr2 Info: no date found for language `french'
(scrlttr2)           --> skipped on input line 85.
Class scrlttr2 Info: no date found for language `italian'
(scrlttr2)           --> skipped on input line 85.
Class scrlttr2 Info: no date found for language `spanish'
(scrlttr2)           --> skipped on input line 85.
Class scrlttr2 Info: no date found for language `croatian'
(scrlttr2)           --> skipped on input line 85.
Class scrlttr2 Info: no date found for language `dutch'
(scrlttr2)           --> skipped on input line 85.
Class scrlttr2 Info: no date found for language `finnish'
(scrlttr2)           --> skipped on input line 85.
Class scrlttr2 Info: no date found for language `norsk'
(scrlttr2)           --> skipped on input line 85.
Class scrlttr2 Info: no date found for language `swedish'
(scrlttr2)           --> skipped on input line 85.
Class scrlttr2 Info: no date found for language `polish'
(scrlttr2)           --> skipped on input line 85.
Class scrlttr2 Info: no date found for language `czech'
(scrlttr2)           --> skipped on input line 85.
Class scrlttr2 Info: no date found for language `slovak'
(scrlttr2)           --> skipped on input line 85.
Class scrlttr2 Info: trying to activate captions and date
(scrlttr2)           of language `english' on input line 85.
Class scrlttr2 Info: used language is `english'.
(scrlttr2)           Supported languages are: `english', `UKenglish',
(scrlttr2)           `ukenglish', `british', `american', `USenglish',
(scrlttr2)           `usenglish', `australian`,`canadian', `newzealand',
(scrlttr2)           `german', `ngerman', `austrian', `naustrian',
(scrlttr2)           `swissgerman', `nswissgermsn',
(scrlttr2)           `acadian', `canadien', `francais', `french', 
(scrlttr2)           `dutch', `italian', `spanish', `polish',
(scrlttr2)           `croatian', `finnish', `norsk', `swedish',
(scrlttr2)           `czech', `slovak' on input line 85.

Package fontspec Info: Adjusting the maths setup (use [no-math] to avoid
(fontspec)             this).

\symlegacymaths=\mathgroup4
LaTeX Font Info:    Overwriting symbol font `legacymaths' in version `bold'
(Font)                  OT1/cmr/m/n --> OT1/cmr/bx/n on input line 85.
LaTeX Font Info:    Redeclaring math accent \acute on input line 85.
LaTeX Font Info:    Redeclaring math accent \grave on input line 85.
LaTeX Font Info:    Redeclaring math accent \ddot on input line 85.
LaTeX Font Info:    Redeclaring math accent \tilde on input line 85.
LaTeX Font Info:    Redeclaring math accent \bar on input line 85.
LaTeX Font Info:    Redeclaring math accent \breve on input line 85.
LaTeX Font Info:    Redeclaring math accent \check on input line 85.
LaTeX Font Info:    Redeclaring math accent \hat on input line 85.
LaTeX Font Info:    Redeclaring math accent \dot on input line 85.
LaTeX Font Info:    Redeclaring math accent \mathring on input line 85.
LaTeX Font Info:    Redeclaring math symbol \colon on input line 85.
LaTeX Font Info:    Redeclaring math symbol \Gamma on input line 85.
LaTeX Font Info:    Redeclaring math symbol \Delta on input line 85.
LaTeX Font Info:    Redeclaring math symbol \Theta on input line 85.
LaTeX Font Info:    Redeclaring math symbol \Lambda on input line 85.
LaTeX Font Info:    Redeclaring math symbol \Xi on input line 85.
LaTeX Font Info:    Redeclaring math symbol \Pi on input line 85.
LaTeX Font Info:    Redeclaring math symbol \Sigma on input line 85.
LaTeX Font Info:    Redeclaring math symbol \Upsilon on input line 85.
LaTeX Font Info:    Redeclaring math symbol \Phi on input line 85.
LaTeX Font Info:    Redeclaring math symbol \Psi on input line 85.
LaTeX Font Info:    Redeclaring math symbol \Omega on input line 85.
LaTeX Font Info:    Redeclaring math symbol \mathdollar on input line 85.
LaTeX Font Info:    Redeclaring symbol font `operators' on input line 85.
LaTeX Font Info:    Encoding `OT1' has changed to `TU' for symbol font
(Font)              `operators' in the math version `normal' on input line 85.
LaTeX Font Info:    Overwriting symbol font `operators' in version `normal'
(Font)                  OT1/cmr/m/n --> TU/lmr/m/n on input line 85.
LaTeX Font Info:    Encoding `OT1' has changed to `TU' for symbol font
(Font)              `operators' in the math version `bold' on input line 85.
LaTeX Font Info:    Overwriting symbol font `operators' in version `bold'
(Font)                  OT1/cmr/bx/n --> TU/lmr/m/n on input line 85.
LaTeX Font Info:    Overwriting symbol font `operators' in version `normal'
(Font)                  TU/lmr/m/n --> TU/lmr/m/n on input line 85.
LaTeX Font Info:    Overwriting math alphabet `\mathit' in version `normal'
(Font)                  OT1/cmr/m/it --> TU/lmr/m/it on input line 85.
LaTeX Font Info:    Overwriting math alphabet `\mathbf' in version `normal'
(Font)                  OT1/cmr/bx/n --> TU/lmr/bx/n on input line 85.
LaTeX Font Info:    Overwriting math alphabet `\mathsf' in version `normal'
(Font)                  OT1/cmss/m/n --> TU/lmss/m/n on input line 85.
LaTeX Font Info:    Overwriting math alphabet `\mathtt' in version `normal'
(Font)                  OT1/cmtt/m/n --> TU/lmtt/m/n on input line 85.
LaTeX Font Info:    Overwriting symbol font `operators' in version `bold'
(Font)                  TU/lmr/m/n --> TU/lmr/bx/n on input line 85.
LaTeX Font Info:    Overwriting math alphabet `\mathit' in version `bold'
(Font)                  OT1/cmr/bx/it --> TU/lmr/bx/it on input line 85.
LaTeX Font Info:    Overwriting math alphabet `\mathsf' in version `bold'
(Font)                  OT1/cmss/bx/n --> TU/lmss/bx/n on input line 85.
LaTeX Font Info:    Overwriting math alphabet `\mathtt' in version `bold'
(Font)                  OT1/cmtt/m/n --> TU/lmtt/bx/n on input line 85.
Foldmarks: yes
Head of first page

Package fontspec Warning: \addfontfeature(s) ignored on line 98; it cannot be
(fontspec)                used with a font that wasn't selected by a fontspec
(fontspec)                command.
(fontspec)                 
(fontspec)                 The current font is "\TU/lmr/m/n/10.5 ".
(fontspec)                  The requested feature is "LetterSpace=15.0". 


Package fontspec Warning: \addfontfeature(s) ignored on line 98; it cannot be
(fontspec)                used with a font that wasn't selected by a fontspec
(fontspec)                command.
(fontspec)                 
(fontspec)                 The current font is "\TU/lmr/m/sc/18 ".
(fontspec)                  The requested feature is "LetterSpace=15.0". 

Foot of first page

Package fontspec Warning: \addfontfeature(s) ignored on line 98; it cannot be
(fontspec)                used with a font that wasn't selected by a fontspec
(fontspec)                command.
(fontspec)                 
(fontspec)                 The current font is "\TU/lmr/m/sc/18 ".
(fontspec)                  The requested feature is "LetterSpace=20.0". 

LaTeX Font Info:    Try loading font information for U+mvs on input line 98.
(/usr/share/texmf-dist/tex/latex/marvosym/umvs.fd)
Address (backaddress, addressee)
LaTeX Font Info:    Calculating math sizes for size <10.5> on input line 98.

LaTeX Font Warning: Font shape `OML/cmm/m/it' in size <10.5> not available
(Font)              size <10.95> substituted on input line 98.


LaTeX Font Warning: Font shape `OMS/cmsy/m/n' in size <10.5> not available
(Font)              size <10.95> substituted on input line 98.

LaTeX Font Info:    External font `cmex10' loaded for size
(Font)              <10.5> on input line 98.
LaTeX Font Info:    External font `cmex10' loaded for size
(Font)              <7.34996> on input line 98.
LaTeX Font Info:    External font `cmex10' loaded for size
(Font)              <5.25> on input line 98.

LaTeX Font Warning: Font shape `OT1/cmr/m/n' in size <10.5> not available
(Font)              size <10.95> substituted on input line 98.

Location field: empty
Title: no
Subject: no
[1



] (./personal_statement.aux)

LaTeX Font Warning: Size substitutions with differences
(Font)              up to 0.45pt have occurred.


LaTeX Warning: Label(s) may have changed. Rerun to get cross-references right.

 ) 
Here is how much of TeX's memory you used:
 13400 strings out of 492956
 283272 string characters out of 6139024
 449102 words of memory out of 5000000
 17398 multiletter control sequences out of 15000+600000
 533803 words of font info for 44 fonts, out of 8000000 for 9000
 1348 hyphenation exceptions out of 8191
 46i,8n,47p,378b,443s stack positions out of 5000i,500n,10000p,200000b,80000s

Output written on personal_statement.pdf (1 page).
